<?xml version="1.0" encoding="UTF-8"?>
<testsuite xmlns:xsi="http://www.w3.org/2001/XMLSchema-instance" xsi:noNamespaceSchemaLocation="https://maven.apache.org/surefire/maven-surefire-plugin/xsd/surefire-test-report.xsd" name="com.emergency.fire.FireApplicationTests" time="6.032" tests="1" errors="0" skipped="0" failures="0">
  <properties>
    <property name="sun.desktop" value="gnome"/>
    <property name="awt.toolkit" value="sun.awt.X11.XToolkit"/>
    <property name="java.specification.version" value="11"/>
    <property name="sun.cpu.isalist" value=""/>
    <property name="sun.jnu.encoding" value="UTF-8"/>
    <property name="java.class.path" value="/fs03/share/users/ivana.yemele-tsafack/home/Bureau/Projet-majeur/projet_majeure_static/project-static/fire/target/test-classes:/fs03/share/users/ivana.yemele-tsafack/home/Bureau/Projet-majeur/projet_majeure_static/project-static/fire/target/classes:/fs03/share/users/ivana.yemele-tsafack/home/.m2/repository/org/springframework/boot/spring-boot-starter-web/2.5.0/spring-boot-starter-web-2.5.0.jar:/fs03/share/users/ivana.yemele-tsafack/home/.m2/repository/org/springframework/boot/spring-boot-starter/2.5.0/spring-boot-starter-2.5.0.jar:/fs03/share/users/ivana.yemele-tsafack/home/.m2/repository/org/springframework/boot/spring-boot/2.5.0/spring-boot-2.5.0.jar:/fs03/share/users/ivana.yemele-tsafack/home/.m2/repository/org/springframework/boot/spring-boot-autoconfigure/2.5.0/spring-boot-autoconfigure-2.5.0.jar:/fs03/share/users/ivana.yemele-tsafack/home/.m2/repository/org/springframework/boot/spring-boot-starter-logging/2.5.0/spring-boot-starter-logging-2.5.0.jar:/fs03/share/users/ivana.yemele-tsafack/home/.m2/repository/ch/qos/logback/logback-classic/1.2.3/logback-classic-1.2.3.jar:/fs03/share/users/ivana.yemele-tsafack/home/.m2/repository/ch/qos/logback/logback-core/1.2.3/logback-core-1.2.3.jar:/fs03/share/users/ivana.yemele-tsafack/home/.m2/repository/org/apache/logging/log4j/log4j-to-slf4j/2.14.1/log4j-to-slf4j-2.14.1.jar:/fs03/share/users/ivana.yemele-tsafack/home/.m2/repository/org/apache/logging/log4j/log4j-api/2.14.1/log4j-api-2.14.1.jar:/fs03/share/users/ivana.yemele-tsafack/home/.m2/repository/org/slf4j/jul-to-slf4j/1.7.30/jul-to-slf4j-1.7.30.jar:/fs03/share/users/ivana.yemele-tsafack/home/.m2/repository/org/yaml/snakeyaml/1.28/snakeyaml-1.28.jar:/fs03/share/users/ivana.yemele-tsafack/home/.m2/repository/org/springframework/boot/spring-boot-starter-json/2.5.0/spring-boot-starter-json-2.5.0.jar:/fs03/share/users/ivana.yemele-tsafack/home/.m2/repository/com/fasterxml/jackson/core/jackson-databind/2.12.3/jackson-databind-2.12.3.jar:/fs03/share/users/ivana.yemele-tsafack/home/.m2/repository/com/fasterxml/jackson/core/jackson-annotations/2.12.3/jackson-annotations-2.12.3.jar:/fs03/share/users/ivana.yemele-tsafack/home/.m2/repository/com/fasterxml/jackson/core/jackson-core/2.12.3/jackson-core-2.12.3.jar:/fs03/share/users/ivana.yemele-tsafack/home/.m2/repository/com/fasterxml/jackson/datatype/jackson-datatype-jdk8/2.12.3/jackson-datatype-jdk8-2.12.3.jar:/fs03/share/users/ivana.yemele-tsafack/home/.m2/repository/com/fasterxml/jackson/datatype/jackson-datatype-jsr310/2.12.3/jackson-datatype-jsr310-2.12.3.jar:/fs03/share/users/ivana.yemele-tsafack/home/.m2/repository/com/fasterxml/jackson/module/jackson-module-parameter-names/2.12.3/jackson-module-parameter-names-2.12.3.jar:/fs03/share/users/ivana.yemele-tsafack/home/.m2/repository/org/springframework/spring-web/5.3.7/spring-web-5.3.7.jar:/fs03/share/users/ivana.yemele-tsafack/home/.m2/repository/org/springframework/spring-beans/5.3.7/spring-beans-5.3.7.jar:/fs03/share/users/ivana.yemele-tsafack/home/.m2/repository/org/springframework/spring-webmvc/5.3.7/spring-webmvc-5.3.7.jar:/fs03/share/users/ivana.yemele-tsafack/home/.m2/repository/org/springframework/spring-aop/5.3.7/spring-aop-5.3.7.jar:/fs03/share/users/ivana.yemele-tsafack/home/.m2/repository/org/springframework/spring-context/5.3.7/spring-context-5.3.7.jar:/fs03/share/users/ivana.yemele-tsafack/home/.m2/repository/org/springframework/spring-expression/5.3.7/spring-expression-5.3.7.jar:/fs03/share/users/ivana.yemele-tsafack/home/.m2/repository/org/springframework/boot/spring-boot-starter-data-jpa/2.5.0/spring-boot-starter-data-jpa-2.5.0.jar:/fs03/share/users/ivana.yemele-tsafack/home/.m2/repository/org/springframework/boot/spring-boot-starter-aop/2.5.0/spring-boot-starter-aop-2.5.0.jar:/fs03/share/users/ivana.yemele-tsafack/home/.m2/repository/org/aspectj/aspectjweaver/1.9.6/aspectjweaver-1.9.6.jar:/fs03/share/users/ivana.yemele-tsafack/home/.m2/repository/org/springframework/boot/spring-boot-starter-jdbc/2.5.0/spring-boot-starter-jdbc-2.5.0.jar:/fs03/share/users/ivana.yemele-tsafack/home/.m2/repository/com/zaxxer/HikariCP/4.0.3/HikariCP-4.0.3.jar:/fs03/share/users/ivana.yemele-tsafack/home/.m2/repository/org/springframework/spring-jdbc/5.3.7/spring-jdbc-5.3.7.jar:/fs03/share/users/ivana.yemele-tsafack/home/.m2/repository/jakarta/transaction/jakarta.transaction-api/1.3.3/jakarta.transaction-api-1.3.3.jar:/fs03/share/users/ivana.yemele-tsafack/home/.m2/repository/jakarta/persistence/jakarta.persistence-api/2.2.3/jakarta.persistence-api-2.2.3.jar:/fs03/share/users/ivana.yemele-tsafack/home/.m2/repository/org/hibernate/hibernate-core/5.4.31.Final/hibernate-core-5.4.31.Final.jar:/fs03/share/users/ivana.yemele-tsafack/home/.m2/repository/org/jboss/logging/jboss-logging/3.4.1.Final/jboss-logging-3.4.1.Final.jar:/fs03/share/users/ivana.yemele-tsafack/home/.m2/repository/org/javassist/javassist/3.27.0-GA/javassist-3.27.0-GA.jar:/fs03/share/users/ivana.yemele-tsafack/home/.m2/repository/net/bytebuddy/byte-buddy/1.10.22/byte-buddy-1.10.22.jar:/fs03/share/users/ivana.yemele-tsafack/home/.m2/repository/antlr/antlr/2.7.7/antlr-2.7.7.jar:/fs03/share/users/ivana.yemele-tsafack/home/.m2/repository/org/jboss/jandex/2.2.3.Final/jandex-2.2.3.Final.jar:/fs03/share/users/ivana.yemele-tsafack/home/.m2/repository/com/fasterxml/classmate/1.5.1/classmate-1.5.1.jar:/fs03/share/users/ivana.yemele-tsafack/home/.m2/repository/org/dom4j/dom4j/2.1.3/dom4j-2.1.3.jar:/fs03/share/users/ivana.yemele-tsafack/home/.m2/repository/org/hibernate/common/hibernate-commons-annotations/5.1.2.Final/hibernate-commons-annotations-5.1.2.Final.jar:/fs03/share/users/ivana.yemele-tsafack/home/.m2/repository/org/glassfish/jaxb/jaxb-runtime/2.3.4/jaxb-runtime-2.3.4.jar:/fs03/share/users/ivana.yemele-tsafack/home/.m2/repository/org/glassfish/jaxb/txw2/2.3.4/txw2-2.3.4.jar:/fs03/share/users/ivana.yemele-tsafack/home/.m2/repository/com/sun/istack/istack-commons-runtime/3.0.12/istack-commons-runtime-3.0.12.jar:/fs03/share/users/ivana.yemele-tsafack/home/.m2/repository/com/sun/activation/jakarta.activation/1.2.2/jakarta.activation-1.2.2.jar:/fs03/share/users/ivana.yemele-tsafack/home/.m2/repository/org/springframework/data/spring-data-jpa/2.5.1/spring-data-jpa-2.5.1.jar:/fs03/share/users/ivana.yemele-tsafack/home/.m2/repository/org/springframework/data/spring-data-commons/2.5.1/spring-data-commons-2.5.1.jar:/fs03/share/users/ivana.yemele-tsafack/home/.m2/repository/org/springframework/spring-orm/5.3.7/spring-orm-5.3.7.jar:/fs03/share/users/ivana.yemele-tsafack/home/.m2/repository/org/springframework/spring-tx/5.3.7/spring-tx-5.3.7.jar:/fs03/share/users/ivana.yemele-tsafack/home/.m2/repository/org/slf4j/slf4j-api/1.7.30/slf4j-api-1.7.30.jar:/fs03/share/users/ivana.yemele-tsafack/home/.m2/repository/org/springframework/spring-aspects/5.3.7/spring-aspects-5.3.7.jar:/fs03/share/users/ivana.yemele-tsafack/home/.m2/repository/org/springframework/boot/spring-boot-starter-test/2.5.0/spring-boot-starter-test-2.5.0.jar:/fs03/share/users/ivana.yemele-tsafack/home/.m2/repository/org/springframework/boot/spring-boot-test/2.5.0/spring-boot-test-2.5.0.jar:/fs03/share/users/ivana.yemele-tsafack/home/.m2/repository/org/springframework/boot/spring-boot-test-autoconfigure/2.5.0/spring-boot-test-autoconfigure-2.5.0.jar:/fs03/share/users/ivana.yemele-tsafack/home/.m2/repository/com/jayway/jsonpath/json-path/2.5.0/json-path-2.5.0.jar:/fs03/share/users/ivana.yemele-tsafack/home/.m2/repository/net/minidev/json-smart/2.4.7/json-smart-2.4.7.jar:/fs03/share/users/ivana.yemele-tsafack/home/.m2/repository/net/minidev/accessors-smart/2.4.7/accessors-smart-2.4.7.jar:/fs03/share/users/ivana.yemele-tsafack/home/.m2/repository/org/ow2/asm/asm/9.1/asm-9.1.jar:/fs03/share/users/ivana.yemele-tsafack/home/.m2/repository/jakarta/xml/bind/jakarta.xml.bind-api/2.3.3/jakarta.xml.bind-api-2.3.3.jar:/fs03/share/users/ivana.yemele-tsafack/home/.m2/repository/jakarta/activation/jakarta.activation-api/1.2.2/jakarta.activation-api-1.2.2.jar:/fs03/share/users/ivana.yemele-tsafack/home/.m2/repository/org/assertj/assertj-core/3.19.0/assertj-core-3.19.0.jar:/fs03/share/users/ivana.yemele-tsafack/home/.m2/repository/org/hamcrest/hamcrest/2.2/hamcrest-2.2.jar:/fs03/share/users/ivana.yemele-tsafack/home/.m2/repository/org/junit/jupiter/junit-jupiter/5.7.2/junit-jupiter-5.7.2.jar:/fs03/share/users/ivana.yemele-tsafack/home/.m2/repository/org/junit/jupiter/junit-jupiter-api/5.7.2/junit-jupiter-api-5.7.2.jar:/fs03/share/users/ivana.yemele-tsafack/home/.m2/repository/org/apiguardian/apiguardian-api/1.1.0/apiguardian-api-1.1.0.jar:/fs03/share/users/ivana.yemele-tsafack/home/.m2/repository/org/opentest4j/opentest4j/1.2.0/opentest4j-1.2.0.jar:/fs03/share/users/ivana.yemele-tsafack/home/.m2/repository/org/junit/platform/junit-platform-commons/1.7.2/junit-platform-commons-1.7.2.jar:/fs03/share/users/ivana.yemele-tsafack/home/.m2/repository/org/junit/jupiter/junit-jupiter-params/5.7.2/junit-jupiter-params-5.7.2.jar:/fs03/share/users/ivana.yemele-tsafack/home/.m2/repository/org/junit/jupiter/junit-jupiter-engine/5.7.2/junit-jupiter-engine-5.7.2.jar:/fs03/share/users/ivana.yemele-tsafack/home/.m2/repository/org/junit/platform/junit-platform-engine/1.7.2/junit-platform-engine-1.7.2.jar:/fs03/share/users/ivana.yemele-tsafack/home/.m2/repository/org/mockito/mockito-core/3.9.0/mockito-core-3.9.0.jar:/fs03/share/users/ivana.yemele-tsafack/home/.m2/repository/net/bytebuddy/byte-buddy-agent/1.10.22/byte-buddy-agent-1.10.22.jar:/fs03/share/users/ivana.yemele-tsafack/home/.m2/repository/org/objenesis/objenesis/3.2/objenesis-3.2.jar:/fs03/share/users/ivana.yemele-tsafack/home/.m2/repository/org/mockito/mockito-junit-jupiter/3.9.0/mockito-junit-jupiter-3.9.0.jar:/fs03/share/users/ivana.yemele-tsafack/home/.m2/repository/org/skyscreamer/jsonassert/1.5.0/jsonassert-1.5.0.jar:/fs03/share/users/ivana.yemele-tsafack/home/.m2/repository/com/vaadin/external/google/android-json/0.0.20131108.vaadin1/android-json-0.0.20131108.vaadin1.jar:/fs03/share/users/ivana.yemele-tsafack/home/.m2/repository/org/springframework/spring-core/5.3.7/spring-core-5.3.7.jar:/fs03/share/users/ivana.yemele-tsafack/home/.m2/repository/org/springframework/spring-jcl/5.3.7/spring-jcl-5.3.7.jar:/fs03/share/users/ivana.yemele-tsafack/home/.m2/repository/org/springframework/spring-test/5.3.7/spring-test-5.3.7.jar:/fs03/share/users/ivana.yemele-tsafack/home/.m2/repository/org/xmlunit/xmlunit-core/2.8.2/xmlunit-core-2.8.2.jar:/fs03/share/users/ivana.yemele-tsafack/home/.m2/repository/com/project/fire-simulator-public/0.0.1-SNAPSHOT/fire-simulator-public-0.0.1-SNAPSHOT.jar:/fs03/share/users/ivana.yemele-tsafack/home/.m2/repository/org/geotools/gt-shapefile/26-SNAPSHOT/gt-shapefile-26-SNAPSHOT.jar:/fs03/share/users/ivana.yemele-tsafack/home/.m2/repository/org/geotools/gt-main/26-SNAPSHOT/gt-main-26-SNAPSHOT.jar:/fs03/share/users/ivana.yemele-tsafack/home/.m2/repository/org/geotools/gt-http/26-SNAPSHOT/gt-http-26-SNAPSHOT.jar:/fs03/share/users/ivana.yemele-tsafack/home/.m2/repository/org/locationtech/jts/jts-core/1.18.1/jts-core-1.18.1.jar:/fs03/share/users/ivana.yemele-tsafack/home/.m2/repository/org/apache/commons/commons-text/1.6/commons-text-1.6.jar:/fs03/share/users/ivana.yemele-tsafack/home/.m2/repository/org/apache/commons/commons-lang3/3.12.0/commons-lang3-3.12.0.jar:/fs03/share/users/ivana.yemele-tsafack/home/.m2/repository/javax/media/jai_core/1.1.3/jai_core-1.1.3.jar:/fs03/share/users/ivana.yemele-tsafack/home/.m2/repository/org/geotools/gt-swing/26-SNAPSHOT/gt-swing-26-SNAPSHOT.jar:/fs03/share/users/ivana.yemele-tsafack/home/.m2/repository/org/geotools/gt-referencing/26-SNAPSHOT/gt-referencing-26-SNAPSHOT.jar:/fs03/share/users/ivana.yemele-tsafack/home/.m2/repository/org/ejml/ejml-ddense/0.34/ejml-ddense-0.34.jar:/fs03/share/users/ivana.yemele-tsafack/home/.m2/repository/org/ejml/ejml-core/0.34/ejml-core-0.34.jar:/fs03/share/users/ivana.yemele-tsafack/home/.m2/repository/commons-pool/commons-pool/1.6/commons-pool-1.6.jar:/fs03/share/users/ivana.yemele-tsafack/home/.m2/repository/org/geotools/gt-metadata/26-SNAPSHOT/gt-metadata-26-SNAPSHOT.jar:/fs03/share/users/ivana.yemele-tsafack/home/.m2/repository/org/geotools/gt-opengis/26-SNAPSHOT/gt-opengis-26-SNAPSHOT.jar:/fs03/share/users/ivana.yemele-tsafack/home/.m2/repository/systems/uom/systems-common/2.0.1/systems-common-2.0.1.jar:/fs03/share/users/ivana.yemele-tsafack/home/.m2/repository/javax/measure/unit-api/2.0/unit-api-2.0.jar:/fs03/share/users/ivana.yemele-tsafack/home/.m2/repository/tech/units/indriya/2.0.2/indriya-2.0.2.jar:/fs03/share/users/ivana.yemele-tsafack/home/.m2/repository/tech/uom/lib/uom-lib-common/2.0/uom-lib-common-2.0.jar:/fs03/share/users/ivana.yemele-tsafack/home/.m2/repository/javax/inject/javax.inject/1/javax.inject-1.jar:/fs03/share/users/ivana.yemele-tsafack/home/.m2/repository/si/uom/si-quantity/2.0.1/si-quantity-2.0.1.jar:/fs03/share/users/ivana.yemele-tsafack/home/.m2/repository/si/uom/si-units/2.0.1/si-units-2.0.1.jar:/fs03/share/users/ivana.yemele-tsafack/home/.m2/repository/org/geotools/ogc/net.opengis.ows/26-SNAPSHOT/net.opengis.ows-26-SNAPSHOT.jar:/fs03/share/users/ivana.yemele-tsafack/home/.m2/repository/org/geotools/ogc/org.w3.xlink/26-SNAPSHOT/org.w3.xlink-26-SNAPSHOT.jar:/fs03/share/users/ivana.yemele-tsafack/home/.m2/repository/org/eclipse/emf/org.eclipse.emf.common/2.15.0/org.eclipse.emf.common-2.15.0.jar:/fs03/share/users/ivana.yemele-tsafack/home/.m2/repository/org/eclipse/emf/org.eclipse.emf.ecore/2.15.0/org.eclipse.emf.ecore-2.15.0.jar:/fs03/share/users/ivana.yemele-tsafack/home/.m2/repository/org/eclipse/emf/org.eclipse.emf.ecore.xmi/2.15.0/org.eclipse.emf.ecore.xmi-2.15.0.jar:/fs03/share/users/ivana.yemele-tsafack/home/.m2/repository/it/geosolutions/jgridshift/jgridshift-core/1.3/jgridshift-core-1.3.jar:/fs03/share/users/ivana.yemele-tsafack/home/.m2/repository/net/sf/geographiclib/GeographicLib-Java/1.49/GeographicLib-Java-1.49.jar:/fs03/share/users/ivana.yemele-tsafack/home/.m2/repository/org/geotools/gt-render/26-SNAPSHOT/gt-render-26-SNAPSHOT.jar:/fs03/share/users/ivana.yemele-tsafack/home/.m2/repository/org/geotools/gt-coverage/26-SNAPSHOT/gt-coverage-26-SNAPSHOT.jar:/fs03/share/users/ivana.yemele-tsafack/home/.m2/repository/javax/media/jai_imageio/1.1/jai_imageio-1.1.jar:/fs03/share/users/ivana.yemele-tsafack/home/.m2/repository/it/geosolutions/imageio-ext/imageio-ext-tiff/1.3.9/imageio-ext-tiff-1.3.9.jar:/fs03/share/users/ivana.yemele-tsafack/home/.m2/repository/it/geosolutions/imageio-ext/imageio-ext-utilities/1.3.9/imageio-ext-utilities-1.3.9.jar:/fs03/share/users/ivana.yemele-tsafack/home/.m2/repository/it/geosolutions/imageio-ext/imageio-ext-geocore/1.3.9/imageio-ext-geocore-1.3.9.jar:/fs03/share/users/ivana.yemele-tsafack/home/.m2/repository/it/geosolutions/imageio-ext/imageio-ext-streams/1.3.9/imageio-ext-streams-1.3.9.jar:/fs03/share/users/ivana.yemele-tsafack/home/.m2/repository/javax/activation/javax.activation-api/1.2.0/javax.activation-api-1.2.0.jar:/fs03/share/users/ivana.yemele-tsafack/home/.m2/repository/javax/media/jai_codec/1.1.3/jai_codec-1.1.3.jar:/fs03/share/users/ivana.yemele-tsafack/home/.m2/repository/org/jaitools/jt-zonalstats/1.6.0/jt-zonalstats-1.6.0.jar:/fs03/share/users/ivana.yemele-tsafack/home/.m2/repository/org/jaitools/jt-utils/1.6.0/jt-utils-1.6.0.jar:/fs03/share/users/ivana.yemele-tsafack/home/.m2/repository/it/geosolutions/jaiext/affine/jt-affine/1.1.20/jt-affine-1.1.20.jar:/fs03/share/users/ivana.yemele-tsafack/home/.m2/repository/it/geosolutions/jaiext/algebra/jt-algebra/1.1.20/jt-algebra-1.1.20.jar:/fs03/share/users/ivana.yemele-tsafack/home/.m2/repository/it/geosolutions/jaiext/bandmerge/jt-bandmerge/1.1.20/jt-bandmerge-1.1.20.jar:/fs03/share/users/ivana.yemele-tsafack/home/.m2/repository/it/geosolutions/jaiext/bandselect/jt-bandselect/1.1.20/jt-bandselect-1.1.20.jar:/fs03/share/users/ivana.yemele-tsafack/home/.m2/repository/it/geosolutions/jaiext/bandcombine/jt-bandcombine/1.1.20/jt-bandcombine-1.1.20.jar:/fs03/share/users/ivana.yemele-tsafack/home/.m2/repository/it/geosolutions/jaiext/border/jt-border/1.1.20/jt-border-1.1.20.jar:/fs03/share/users/ivana.yemele-tsafack/home/.m2/repository/it/geosolutions/jaiext/buffer/jt-buffer/1.1.20/jt-buffer-1.1.20.jar:/fs03/share/users/ivana.yemele-tsafack/home/.m2/repository/it/geosolutions/jaiext/crop/jt-crop/1.1.20/jt-crop-1.1.20.jar:/fs03/share/users/ivana.yemele-tsafack/home/.m2/repository/it/geosolutions/jaiext/iterators/jt-iterators/1.1.20/jt-iterators-1.1.20.jar:/fs03/share/users/ivana.yemele-tsafack/home/.m2/repository/it/geosolutions/jaiext/lookup/jt-lookup/1.1.20/jt-lookup-1.1.20.jar:/fs03/share/users/ivana.yemele-tsafack/home/.m2/repository/it/geosolutions/jaiext/mosaic/jt-mosaic/1.1.20/jt-mosaic-1.1.20.jar:/fs03/share/users/ivana.yemele-tsafack/home/.m2/repository/it/geosolutions/jaiext/nullop/jt-nullop/1.1.20/jt-nullop-1.1.20.jar:/fs03/share/users/ivana.yemele-tsafack/home/.m2/repository/it/geosolutions/jaiext/rescale/jt-rescale/1.1.20/jt-rescale-1.1.20.jar:/fs03/share/users/ivana.yemele-tsafack/home/.m2/repository/it/geosolutions/jaiext/scale/jt-scale/1.1.20/jt-scale-1.1.20.jar:/fs03/share/users/ivana.yemele-tsafack/home/.m2/repository/it/geosolutions/jaiext/scale2/jt-scale2/1.1.20/jt-scale2-1.1.20.jar:/fs03/share/users/ivana.yemele-tsafack/home/.m2/repository/org/huldra/math/bigint/0.7.1/bigint-0.7.1.jar:/fs03/share/users/ivana.yemele-tsafack/home/.m2/repository/it/geosolutions/jaiext/stats/jt-stats/1.1.20/jt-stats-1.1.20.jar:/fs03/share/users/ivana.yemele-tsafack/home/.m2/repository/com/google/guava/guava/27.0-jre/guava-27.0-jre.jar:/fs03/share/users/ivana.yemele-tsafack/home/.m2/repository/com/google/guava/failureaccess/1.0/failureaccess-1.0.jar:/fs03/share/users/ivana.yemele-tsafack/home/.m2/repository/com/google/guava/listenablefuture/9999.0-empty-to-avoid-conflict-with-guava/listenablefuture-9999.0-empty-to-avoid-conflict-with-guava.jar:/fs03/share/users/ivana.yemele-tsafack/home/.m2/repository/com/google/code/findbugs/jsr305/3.0.2/jsr305-3.0.2.jar:/fs03/share/users/ivana.yemele-tsafack/home/.m2/repository/org/checkerframework/checker-qual/2.5.2/checker-qual-2.5.2.jar:/fs03/share/users/ivana.yemele-tsafack/home/.m2/repository/com/google/errorprone/error_prone_annotations/2.2.0/error_prone_annotations-2.2.0.jar:/fs03/share/users/ivana.yemele-tsafack/home/.m2/repository/com/google/j2objc/j2objc-annotations/1.1/j2objc-annotations-1.1.jar:/fs03/share/users/ivana.yemele-tsafack/home/.m2/repository/org/codehaus/mojo/animal-sniffer-annotations/1.17/animal-sniffer-annotations-1.17.jar:/fs03/share/users/ivana.yemele-tsafack/home/.m2/repository/it/geosolutions/jaiext/translate/jt-translate/1.1.20/jt-translate-1.1.20.jar:/fs03/share/users/ivana.yemele-tsafack/home/.m2/repository/it/geosolutions/jaiext/utilities/jt-utilities/1.1.20/jt-utilities-1.1.20.jar:/fs03/share/users/ivana.yemele-tsafack/home/.m2/repository/it/geosolutions/jaiext/warp/jt-warp/1.1.20/jt-warp-1.1.20.jar:/fs03/share/users/ivana.yemele-tsafack/home/.m2/repository/it/geosolutions/jaiext/zonal/jt-zonal/1.1.20/jt-zonal-1.1.20.jar:/fs03/share/users/ivana.yemele-tsafack/home/.m2/repository/it/geosolutions/jaiext/binarize/jt-binarize/1.1.20/jt-binarize-1.1.20.jar:/fs03/share/users/ivana.yemele-tsafack/home/.m2/repository/it/geosolutions/jaiext/format/jt-format/1.1.20/jt-format-1.1.20.jar:/fs03/share/users/ivana.yemele-tsafack/home/.m2/repository/it/geosolutions/jaiext/colorconvert/jt-colorconvert/1.1.20/jt-colorconvert-1.1.20.jar:/fs03/share/users/ivana.yemele-tsafack/home/.m2/repository/it/geosolutions/jaiext/errordiffusion/jt-errordiffusion/1.1.20/jt-errordiffusion-1.1.20.jar:/fs03/share/users/ivana.yemele-tsafack/home/.m2/repository/it/geosolutions/jaiext/orderdither/jt-orderdither/1.1.20/jt-orderdither-1.1.20.jar:/fs03/share/users/ivana.yemele-tsafack/home/.m2/repository/it/geosolutions/jaiext/colorindexer/jt-colorindexer/1.1.20/jt-colorindexer-1.1.20.jar:/fs03/share/users/ivana.yemele-tsafack/home/.m2/repository/it/geosolutions/jaiext/imagefunction/jt-imagefunction/1.1.20/jt-imagefunction-1.1.20.jar:/fs03/share/users/ivana.yemele-tsafack/home/.m2/repository/it/geosolutions/jaiext/piecewise/jt-piecewise/1.1.20/jt-piecewise-1.1.20.jar:/fs03/share/users/ivana.yemele-tsafack/home/.m2/repository/it/geosolutions/jaiext/classifier/jt-classifier/1.1.20/jt-classifier-1.1.20.jar:/fs03/share/users/ivana.yemele-tsafack/home/.m2/repository/it/geosolutions/jaiext/rlookup/jt-rlookup/1.1.20/jt-rlookup-1.1.20.jar:/fs03/share/users/ivana.yemele-tsafack/home/.m2/repository/it/geosolutions/jaiext/vectorbin/jt-vectorbin/1.1.20/jt-vectorbin-1.1.20.jar:/fs03/share/users/ivana.yemele-tsafack/home/.m2/repository/it/geosolutions/jaiext/shadedrelief/jt-shadedrelief/1.1.20/jt-shadedrelief-1.1.20.jar:/fs03/share/users/ivana.yemele-tsafack/home/.m2/repository/commons-io/commons-io/2.6/commons-io-2.6.jar:/fs03/share/users/ivana.yemele-tsafack/home/.m2/repository/org/geotools/gt-cql/26-SNAPSHOT/gt-cql-26-SNAPSHOT.jar:/fs03/share/users/ivana.yemele-tsafack/home/.m2/repository/com/conversantmedia/disruptor/1.2.13/disruptor-1.2.13.jar:/fs03/share/users/ivana.yemele-tsafack/home/.m2/repository/com/miglayout/miglayout/3.7/miglayout-3.7-swing.jar:/fs03/share/users/ivana.yemele-tsafack/home/.m2/repository/org/geotools/gt-epsg-hsql/26-SNAPSHOT/gt-epsg-hsql-26-SNAPSHOT.jar:/fs03/share/users/ivana.yemele-tsafack/home/.m2/repository/org/hsqldb/hsqldb/2.5.2/hsqldb-2.5.2.jar:/fs03/share/users/ivana.yemele-tsafack/home/.m2/repository/com/h2database/h2/1.4.200/h2-1.4.200.jar:/fs03/share/users/ivana.yemele-tsafack/home/.m2/repository/org/springframework/boot/spring-boot-starter-tomcat/2.5.0/spring-boot-starter-tomcat-2.5.0.jar:/fs03/share/users/ivana.yemele-tsafack/home/.m2/repository/jakarta/annotation/jakarta.annotation-api/1.3.5/jakarta.annotation-api-1.3.5.jar:/fs03/share/users/ivana.yemele-tsafack/home/.m2/repository/org/apache/tomcat/embed/tomcat-embed-core/9.0.46/tomcat-embed-core-9.0.46.jar:/fs03/share/users/ivana.yemele-tsafack/home/.m2/repository/org/apache/tomcat/embed/tomcat-embed-el/9.0.46/tomcat-embed-el-9.0.46.jar:/fs03/share/users/ivana.yemele-tsafack/home/.m2/repository/org/apache/tomcat/embed/tomcat-embed-websocket/9.0.46/tomcat-embed-websocket-9.0.46.jar:/fs03/share/users/ivana.yemele-tsafack/home/.m2/repository/javax/xml/bind/jaxb-api/2.3.0/jaxb-api-2.3.0.jar:"/>
    <property name="java.vm.vendor" value="Ubuntu"/>
    <property name="sun.arch.data.model" value="64"/>
    <property name="java.vendor.url" value="https://ubuntu.com/"/>
    <property name="user.timezone" value=""/>
    <property name="java.vm.specification.version" value="11"/>
    <property name="os.name" value="Linux"/>
    <property name="sun.java.launcher" value="SUN_STANDARD"/>
    <property name="user.country" value="FR"/>
    <property name="sun.boot.library.path" value="/usr/lib/jvm/java-11-openjdk-amd64/lib"/>
    <property name="sun.java.command" value="/fs03/share/users/ivana.yemele-tsafack/home/Bureau/Projet-majeur/projet_majeure_static/project-static/fire/target/surefire/surefirebooter1295331558044863594.jar /fs03/share/users/ivana.yemele-tsafack/home/Bureau/Projet-majeur/projet_majeure_static/project-static/fire/target/surefire 2021-06-07T08-41-37_644-jvmRun1 surefire12518235445397636065tmp surefire_08680064543411336365tmp"/>
    <property name="jdk.debug" value="release"/>
    <property name="surefire.test.class.path" value="/fs03/share/users/ivana.yemele-tsafack/home/Bureau/Projet-majeur/projet_majeure_static/project-static/fire/target/test-classes:/fs03/share/users/ivana.yemele-tsafack/home/Bureau/Projet-majeur/projet_majeure_static/project-static/fire/target/classes:/fs03/share/users/ivana.yemele-tsafack/home/.m2/repository/org/springframework/boot/spring-boot-starter-web/2.5.0/spring-boot-starter-web-2.5.0.jar:/fs03/share/users/ivana.yemele-tsafack/home/.m2/repository/org/springframework/boot/spring-boot-starter/2.5.0/spring-boot-starter-2.5.0.jar:/fs03/share/users/ivana.yemele-tsafack/home/.m2/repository/org/springframework/boot/spring-boot/2.5.0/spring-boot-2.5.0.jar:/fs03/share/users/ivana.yemele-tsafack/home/.m2/repository/org/springframework/boot/spring-boot-autoconfigure/2.5.0/spring-boot-autoconfigure-2.5.0.jar:/fs03/share/users/ivana.yemele-tsafack/home/.m2/repository/org/springframework/boot/spring-boot-starter-logging/2.5.0/spring-boot-starter-logging-2.5.0.jar:/fs03/share/users/ivana.yemele-tsafack/home/.m2/repository/ch/qos/logback/logback-classic/1.2.3/logback-classic-1.2.3.jar:/fs03/share/users/ivana.yemele-tsafack/home/.m2/repository/ch/qos/logback/logback-core/1.2.3/logback-core-1.2.3.jar:/fs03/share/users/ivana.yemele-tsafack/home/.m2/repository/org/apache/logging/log4j/log4j-to-slf4j/2.14.1/log4j-to-slf4j-2.14.1.jar:/fs03/share/users/ivana.yemele-tsafack/home/.m2/repository/org/apache/logging/log4j/log4j-api/2.14.1/log4j-api-2.14.1.jar:/fs03/share/users/ivana.yemele-tsafack/home/.m2/repository/org/slf4j/jul-to-slf4j/1.7.30/jul-to-slf4j-1.7.30.jar:/fs03/share/users/ivana.yemele-tsafack/home/.m2/repository/org/yaml/snakeyaml/1.28/snakeyaml-1.28.jar:/fs03/share/users/ivana.yemele-tsafack/home/.m2/repository/org/springframework/boot/spring-boot-starter-json/2.5.0/spring-boot-starter-json-2.5.0.jar:/fs03/share/users/ivana.yemele-tsafack/home/.m2/repository/com/fasterxml/jackson/core/jackson-databind/2.12.3/jackson-databind-2.12.3.jar:/fs03/share/users/ivana.yemele-tsafack/home/.m2/repository/com/fasterxml/jackson/core/jackson-annotations/2.12.3/jackson-annotations-2.12.3.jar:/fs03/share/users/ivana.yemele-tsafack/home/.m2/repository/com/fasterxml/jackson/core/jackson-core/2.12.3/jackson-core-2.12.3.jar:/fs03/share/users/ivana.yemele-tsafack/home/.m2/repository/com/fasterxml/jackson/datatype/jackson-datatype-jdk8/2.12.3/jackson-datatype-jdk8-2.12.3.jar:/fs03/share/users/ivana.yemele-tsafack/home/.m2/repository/com/fasterxml/jackson/datatype/jackson-datatype-jsr310/2.12.3/jackson-datatype-jsr310-2.12.3.jar:/fs03/share/users/ivana.yemele-tsafack/home/.m2/repository/com/fasterxml/jackson/module/jackson-module-parameter-names/2.12.3/jackson-module-parameter-names-2.12.3.jar:/fs03/share/users/ivana.yemele-tsafack/home/.m2/repository/org/springframework/spring-web/5.3.7/spring-web-5.3.7.jar:/fs03/share/users/ivana.yemele-tsafack/home/.m2/repository/org/springframework/spring-beans/5.3.7/spring-beans-5.3.7.jar:/fs03/share/users/ivana.yemele-tsafack/home/.m2/repository/org/springframework/spring-webmvc/5.3.7/spring-webmvc-5.3.7.jar:/fs03/share/users/ivana.yemele-tsafack/home/.m2/repository/org/springframework/spring-aop/5.3.7/spring-aop-5.3.7.jar:/fs03/share/users/ivana.yemele-tsafack/home/.m2/repository/org/springframework/spring-context/5.3.7/spring-context-5.3.7.jar:/fs03/share/users/ivana.yemele-tsafack/home/.m2/repository/org/springframework/spring-expression/5.3.7/spring-expression-5.3.7.jar:/fs03/share/users/ivana.yemele-tsafack/home/.m2/repository/org/springframework/boot/spring-boot-starter-data-jpa/2.5.0/spring-boot-starter-data-jpa-2.5.0.jar:/fs03/share/users/ivana.yemele-tsafack/home/.m2/repository/org/springframework/boot/spring-boot-starter-aop/2.5.0/spring-boot-starter-aop-2.5.0.jar:/fs03/share/users/ivana.yemele-tsafack/home/.m2/repository/org/aspectj/aspectjweaver/1.9.6/aspectjweaver-1.9.6.jar:/fs03/share/users/ivana.yemele-tsafack/home/.m2/repository/org/springframework/boot/spring-boot-starter-jdbc/2.5.0/spring-boot-starter-jdbc-2.5.0.jar:/fs03/share/users/ivana.yemele-tsafack/home/.m2/repository/com/zaxxer/HikariCP/4.0.3/HikariCP-4.0.3.jar:/fs03/share/users/ivana.yemele-tsafack/home/.m2/repository/org/springframework/spring-jdbc/5.3.7/spring-jdbc-5.3.7.jar:/fs03/share/users/ivana.yemele-tsafack/home/.m2/repository/jakarta/transaction/jakarta.transaction-api/1.3.3/jakarta.transaction-api-1.3.3.jar:/fs03/share/users/ivana.yemele-tsafack/home/.m2/repository/jakarta/persistence/jakarta.persistence-api/2.2.3/jakarta.persistence-api-2.2.3.jar:/fs03/share/users/ivana.yemele-tsafack/home/.m2/repository/org/hibernate/hibernate-core/5.4.31.Final/hibernate-core-5.4.31.Final.jar:/fs03/share/users/ivana.yemele-tsafack/home/.m2/repository/org/jboss/logging/jboss-logging/3.4.1.Final/jboss-logging-3.4.1.Final.jar:/fs03/share/users/ivana.yemele-tsafack/home/.m2/repository/org/javassist/javassist/3.27.0-GA/javassist-3.27.0-GA.jar:/fs03/share/users/ivana.yemele-tsafack/home/.m2/repository/net/bytebuddy/byte-buddy/1.10.22/byte-buddy-1.10.22.jar:/fs03/share/users/ivana.yemele-tsafack/home/.m2/repository/antlr/antlr/2.7.7/antlr-2.7.7.jar:/fs03/share/users/ivana.yemele-tsafack/home/.m2/repository/org/jboss/jandex/2.2.3.Final/jandex-2.2.3.Final.jar:/fs03/share/users/ivana.yemele-tsafack/home/.m2/repository/com/fasterxml/classmate/1.5.1/classmate-1.5.1.jar:/fs03/share/users/ivana.yemele-tsafack/home/.m2/repository/org/dom4j/dom4j/2.1.3/dom4j-2.1.3.jar:/fs03/share/users/ivana.yemele-tsafack/home/.m2/repository/org/hibernate/common/hibernate-commons-annotations/5.1.2.Final/hibernate-commons-annotations-5.1.2.Final.jar:/fs03/share/users/ivana.yemele-tsafack/home/.m2/repository/org/glassfish/jaxb/jaxb-runtime/2.3.4/jaxb-runtime-2.3.4.jar:/fs03/share/users/ivana.yemele-tsafack/home/.m2/repository/org/glassfish/jaxb/txw2/2.3.4/txw2-2.3.4.jar:/fs03/share/users/ivana.yemele-tsafack/home/.m2/repository/com/sun/istack/istack-commons-runtime/3.0.12/istack-commons-runtime-3.0.12.jar:/fs03/share/users/ivana.yemele-tsafack/home/.m2/repository/com/sun/activation/jakarta.activation/1.2.2/jakarta.activation-1.2.2.jar:/fs03/share/users/ivana.yemele-tsafack/home/.m2/repository/org/springframework/data/spring-data-jpa/2.5.1/spring-data-jpa-2.5.1.jar:/fs03/share/users/ivana.yemele-tsafack/home/.m2/repository/org/springframework/data/spring-data-commons/2.5.1/spring-data-commons-2.5.1.jar:/fs03/share/users/ivana.yemele-tsafack/home/.m2/repository/org/springframework/spring-orm/5.3.7/spring-orm-5.3.7.jar:/fs03/share/users/ivana.yemele-tsafack/home/.m2/repository/org/springframework/spring-tx/5.3.7/spring-tx-5.3.7.jar:/fs03/share/users/ivana.yemele-tsafack/home/.m2/repository/org/slf4j/slf4j-api/1.7.30/slf4j-api-1.7.30.jar:/fs03/share/users/ivana.yemele-tsafack/home/.m2/repository/org/springframework/spring-aspects/5.3.7/spring-aspects-5.3.7.jar:/fs03/share/users/ivana.yemele-tsafack/home/.m2/repository/org/springframework/boot/spring-boot-starter-test/2.5.0/spring-boot-starter-test-2.5.0.jar:/fs03/share/users/ivana.yemele-tsafack/home/.m2/repository/org/springframework/boot/spring-boot-test/2.5.0/spring-boot-test-2.5.0.jar:/fs03/share/users/ivana.yemele-tsafack/home/.m2/repository/org/springframework/boot/spring-boot-test-autoconfigure/2.5.0/spring-boot-test-autoconfigure-2.5.0.jar:/fs03/share/users/ivana.yemele-tsafack/home/.m2/repository/com/jayway/jsonpath/json-path/2.5.0/json-path-2.5.0.jar:/fs03/share/users/ivana.yemele-tsafack/home/.m2/repository/net/minidev/json-smart/2.4.7/json-smart-2.4.7.jar:/fs03/share/users/ivana.yemele-tsafack/home/.m2/repository/net/minidev/accessors-smart/2.4.7/accessors-smart-2.4.7.jar:/fs03/share/users/ivana.yemele-tsafack/home/.m2/repository/org/ow2/asm/asm/9.1/asm-9.1.jar:/fs03/share/users/ivana.yemele-tsafack/home/.m2/repository/jakarta/xml/bind/jakarta.xml.bind-api/2.3.3/jakarta.xml.bind-api-2.3.3.jar:/fs03/share/users/ivana.yemele-tsafack/home/.m2/repository/jakarta/activation/jakarta.activation-api/1.2.2/jakarta.activation-api-1.2.2.jar:/fs03/share/users/ivana.yemele-tsafack/home/.m2/repository/org/assertj/assertj-core/3.19.0/assertj-core-3.19.0.jar:/fs03/share/users/ivana.yemele-tsafack/home/.m2/repository/org/hamcrest/hamcrest/2.2/hamcrest-2.2.jar:/fs03/share/users/ivana.yemele-tsafack/home/.m2/repository/org/junit/jupiter/junit-jupiter/5.7.2/junit-jupiter-5.7.2.jar:/fs03/share/users/ivana.yemele-tsafack/home/.m2/repository/org/junit/jupiter/junit-jupiter-api/5.7.2/junit-jupiter-api-5.7.2.jar:/fs03/share/users/ivana.yemele-tsafack/home/.m2/repository/org/apiguardian/apiguardian-api/1.1.0/apiguardian-api-1.1.0.jar:/fs03/share/users/ivana.yemele-tsafack/home/.m2/repository/org/opentest4j/opentest4j/1.2.0/opentest4j-1.2.0.jar:/fs03/share/users/ivana.yemele-tsafack/home/.m2/repository/org/junit/platform/junit-platform-commons/1.7.2/junit-platform-commons-1.7.2.jar:/fs03/share/users/ivana.yemele-tsafack/home/.m2/repository/org/junit/jupiter/junit-jupiter-params/5.7.2/junit-jupiter-params-5.7.2.jar:/fs03/share/users/ivana.yemele-tsafack/home/.m2/repository/org/junit/jupiter/junit-jupiter-engine/5.7.2/junit-jupiter-engine-5.7.2.jar:/fs03/share/users/ivana.yemele-tsafack/home/.m2/repository/org/junit/platform/junit-platform-engine/1.7.2/junit-platform-engine-1.7.2.jar:/fs03/share/users/ivana.yemele-tsafack/home/.m2/repository/org/mockito/mockito-core/3.9.0/mockito-core-3.9.0.jar:/fs03/share/users/ivana.yemele-tsafack/home/.m2/repository/net/bytebuddy/byte-buddy-agent/1.10.22/byte-buddy-agent-1.10.22.jar:/fs03/share/users/ivana.yemele-tsafack/home/.m2/repository/org/objenesis/objenesis/3.2/objenesis-3.2.jar:/fs03/share/users/ivana.yemele-tsafack/home/.m2/repository/org/mockito/mockito-junit-jupiter/3.9.0/mockito-junit-jupiter-3.9.0.jar:/fs03/share/users/ivana.yemele-tsafack/home/.m2/repository/org/skyscreamer/jsonassert/1.5.0/jsonassert-1.5.0.jar:/fs03/share/users/ivana.yemele-tsafack/home/.m2/repository/com/vaadin/external/google/android-json/0.0.20131108.vaadin1/android-json-0.0.20131108.vaadin1.jar:/fs03/share/users/ivana.yemele-tsafack/home/.m2/repository/org/springframework/spring-core/5.3.7/spring-core-5.3.7.jar:/fs03/share/users/ivana.yemele-tsafack/home/.m2/repository/org/springframework/spring-jcl/5.3.7/spring-jcl-5.3.7.jar:/fs03/share/users/ivana.yemele-tsafack/home/.m2/repository/org/springframework/spring-test/5.3.7/spring-test-5.3.7.jar:/fs03/share/users/ivana.yemele-tsafack/home/.m2/repository/org/xmlunit/xmlunit-core/2.8.2/xmlunit-core-2.8.2.jar:/fs03/share/users/ivana.yemele-tsafack/home/.m2/repository/com/project/fire-simulator-public/0.0.1-SNAPSHOT/fire-simulator-public-0.0.1-SNAPSHOT.jar:/fs03/share/users/ivana.yemele-tsafack/home/.m2/repository/org/geotools/gt-shapefile/26-SNAPSHOT/gt-shapefile-26-SNAPSHOT.jar:/fs03/share/users/ivana.yemele-tsafack/home/.m2/repository/org/geotools/gt-main/26-SNAPSHOT/gt-main-26-SNAPSHOT.jar:/fs03/share/users/ivana.yemele-tsafack/home/.m2/repository/org/geotools/gt-http/26-SNAPSHOT/gt-http-26-SNAPSHOT.jar:/fs03/share/users/ivana.yemele-tsafack/home/.m2/repository/org/locationtech/jts/jts-core/1.18.1/jts-core-1.18.1.jar:/fs03/share/users/ivana.yemele-tsafack/home/.m2/repository/org/apache/commons/commons-text/1.6/commons-text-1.6.jar:/fs03/share/users/ivana.yemele-tsafack/home/.m2/repository/org/apache/commons/commons-lang3/3.12.0/commons-lang3-3.12.0.jar:/fs03/share/users/ivana.yemele-tsafack/home/.m2/repository/javax/media/jai_core/1.1.3/jai_core-1.1.3.jar:/fs03/share/users/ivana.yemele-tsafack/home/.m2/repository/org/geotools/gt-swing/26-SNAPSHOT/gt-swing-26-SNAPSHOT.jar:/fs03/share/users/ivana.yemele-tsafack/home/.m2/repository/org/geotools/gt-referencing/26-SNAPSHOT/gt-referencing-26-SNAPSHOT.jar:/fs03/share/users/ivana.yemele-tsafack/home/.m2/repository/org/ejml/ejml-ddense/0.34/ejml-ddense-0.34.jar:/fs03/share/users/ivana.yemele-tsafack/home/.m2/repository/org/ejml/ejml-core/0.34/ejml-core-0.34.jar:/fs03/share/users/ivana.yemele-tsafack/home/.m2/repository/commons-pool/commons-pool/1.6/commons-pool-1.6.jar:/fs03/share/users/ivana.yemele-tsafack/home/.m2/repository/org/geotools/gt-metadata/26-SNAPSHOT/gt-metadata-26-SNAPSHOT.jar:/fs03/share/users/ivana.yemele-tsafack/home/.m2/repository/org/geotools/gt-opengis/26-SNAPSHOT/gt-opengis-26-SNAPSHOT.jar:/fs03/share/users/ivana.yemele-tsafack/home/.m2/repository/systems/uom/systems-common/2.0.1/systems-common-2.0.1.jar:/fs03/share/users/ivana.yemele-tsafack/home/.m2/repository/javax/measure/unit-api/2.0/unit-api-2.0.jar:/fs03/share/users/ivana.yemele-tsafack/home/.m2/repository/tech/units/indriya/2.0.2/indriya-2.0.2.jar:/fs03/share/users/ivana.yemele-tsafack/home/.m2/repository/tech/uom/lib/uom-lib-common/2.0/uom-lib-common-2.0.jar:/fs03/share/users/ivana.yemele-tsafack/home/.m2/repository/javax/inject/javax.inject/1/javax.inject-1.jar:/fs03/share/users/ivana.yemele-tsafack/home/.m2/repository/si/uom/si-quantity/2.0.1/si-quantity-2.0.1.jar:/fs03/share/users/ivana.yemele-tsafack/home/.m2/repository/si/uom/si-units/2.0.1/si-units-2.0.1.jar:/fs03/share/users/ivana.yemele-tsafack/home/.m2/repository/org/geotools/ogc/net.opengis.ows/26-SNAPSHOT/net.opengis.ows-26-SNAPSHOT.jar:/fs03/share/users/ivana.yemele-tsafack/home/.m2/repository/org/geotools/ogc/org.w3.xlink/26-SNAPSHOT/org.w3.xlink-26-SNAPSHOT.jar:/fs03/share/users/ivana.yemele-tsafack/home/.m2/repository/org/eclipse/emf/org.eclipse.emf.common/2.15.0/org.eclipse.emf.common-2.15.0.jar:/fs03/share/users/ivana.yemele-tsafack/home/.m2/repository/org/eclipse/emf/org.eclipse.emf.ecore/2.15.0/org.eclipse.emf.ecore-2.15.0.jar:/fs03/share/users/ivana.yemele-tsafack/home/.m2/repository/org/eclipse/emf/org.eclipse.emf.ecore.xmi/2.15.0/org.eclipse.emf.ecore.xmi-2.15.0.jar:/fs03/share/users/ivana.yemele-tsafack/home/.m2/repository/it/geosolutions/jgridshift/jgridshift-core/1.3/jgridshift-core-1.3.jar:/fs03/share/users/ivana.yemele-tsafack/home/.m2/repository/net/sf/geographiclib/GeographicLib-Java/1.49/GeographicLib-Java-1.49.jar:/fs03/share/users/ivana.yemele-tsafack/home/.m2/repository/org/geotools/gt-render/26-SNAPSHOT/gt-render-26-SNAPSHOT.jar:/fs03/share/users/ivana.yemele-tsafack/home/.m2/repository/org/geotools/gt-coverage/26-SNAPSHOT/gt-coverage-26-SNAPSHOT.jar:/fs03/share/users/ivana.yemele-tsafack/home/.m2/repository/javax/media/jai_imageio/1.1/jai_imageio-1.1.jar:/fs03/share/users/ivana.yemele-tsafack/home/.m2/repository/it/geosolutions/imageio-ext/imageio-ext-tiff/1.3.9/imageio-ext-tiff-1.3.9.jar:/fs03/share/users/ivana.yemele-tsafack/home/.m2/repository/it/geosolutions/imageio-ext/imageio-ext-utilities/1.3.9/imageio-ext-utilities-1.3.9.jar:/fs03/share/users/ivana.yemele-tsafack/home/.m2/repository/it/geosolutions/imageio-ext/imageio-ext-geocore/1.3.9/imageio-ext-geocore-1.3.9.jar:/fs03/share/users/ivana.yemele-tsafack/home/.m2/repository/it/geosolutions/imageio-ext/imageio-ext-streams/1.3.9/imageio-ext-streams-1.3.9.jar:/fs03/share/users/ivana.yemele-tsafack/home/.m2/repository/javax/activation/javax.activation-api/1.2.0/javax.activation-api-1.2.0.jar:/fs03/share/users/ivana.yemele-tsafack/home/.m2/repository/javax/media/jai_codec/1.1.3/jai_codec-1.1.3.jar:/fs03/share/users/ivana.yemele-tsafack/home/.m2/repository/org/jaitools/jt-zonalstats/1.6.0/jt-zonalstats-1.6.0.jar:/fs03/share/users/ivana.yemele-tsafack/home/.m2/repository/org/jaitools/jt-utils/1.6.0/jt-utils-1.6.0.jar:/fs03/share/users/ivana.yemele-tsafack/home/.m2/repository/it/geosolutions/jaiext/affine/jt-affine/1.1.20/jt-affine-1.1.20.jar:/fs03/share/users/ivana.yemele-tsafack/home/.m2/repository/it/geosolutions/jaiext/algebra/jt-algebra/1.1.20/jt-algebra-1.1.20.jar:/fs03/share/users/ivana.yemele-tsafack/home/.m2/repository/it/geosolutions/jaiext/bandmerge/jt-bandmerge/1.1.20/jt-bandmerge-1.1.20.jar:/fs03/share/users/ivana.yemele-tsafack/home/.m2/repository/it/geosolutions/jaiext/bandselect/jt-bandselect/1.1.20/jt-bandselect-1.1.20.jar:/fs03/share/users/ivana.yemele-tsafack/home/.m2/repository/it/geosolutions/jaiext/bandcombine/jt-bandcombine/1.1.20/jt-bandcombine-1.1.20.jar:/fs03/share/users/ivana.yemele-tsafack/home/.m2/repository/it/geosolutions/jaiext/border/jt-border/1.1.20/jt-border-1.1.20.jar:/fs03/share/users/ivana.yemele-tsafack/home/.m2/repository/it/geosolutions/jaiext/buffer/jt-buffer/1.1.20/jt-buffer-1.1.20.jar:/fs03/share/users/ivana.yemele-tsafack/home/.m2/repository/it/geosolutions/jaiext/crop/jt-crop/1.1.20/jt-crop-1.1.20.jar:/fs03/share/users/ivana.yemele-tsafack/home/.m2/repository/it/geosolutions/jaiext/iterators/jt-iterators/1.1.20/jt-iterators-1.1.20.jar:/fs03/share/users/ivana.yemele-tsafack/home/.m2/repository/it/geosolutions/jaiext/lookup/jt-lookup/1.1.20/jt-lookup-1.1.20.jar:/fs03/share/users/ivana.yemele-tsafack/home/.m2/repository/it/geosolutions/jaiext/mosaic/jt-mosaic/1.1.20/jt-mosaic-1.1.20.jar:/fs03/share/users/ivana.yemele-tsafack/home/.m2/repository/it/geosolutions/jaiext/nullop/jt-nullop/1.1.20/jt-nullop-1.1.20.jar:/fs03/share/users/ivana.yemele-tsafack/home/.m2/repository/it/geosolutions/jaiext/rescale/jt-rescale/1.1.20/jt-rescale-1.1.20.jar:/fs03/share/users/ivana.yemele-tsafack/home/.m2/repository/it/geosolutions/jaiext/scale/jt-scale/1.1.20/jt-scale-1.1.20.jar:/fs03/share/users/ivana.yemele-tsafack/home/.m2/repository/it/geosolutions/jaiext/scale2/jt-scale2/1.1.20/jt-scale2-1.1.20.jar:/fs03/share/users/ivana.yemele-tsafack/home/.m2/repository/org/huldra/math/bigint/0.7.1/bigint-0.7.1.jar:/fs03/share/users/ivana.yemele-tsafack/home/.m2/repository/it/geosolutions/jaiext/stats/jt-stats/1.1.20/jt-stats-1.1.20.jar:/fs03/share/users/ivana.yemele-tsafack/home/.m2/repository/com/google/guava/guava/27.0-jre/guava-27.0-jre.jar:/fs03/share/users/ivana.yemele-tsafack/home/.m2/repository/com/google/guava/failureaccess/1.0/failureaccess-1.0.jar:/fs03/share/users/ivana.yemele-tsafack/home/.m2/repository/com/google/guava/listenablefuture/9999.0-empty-to-avoid-conflict-with-guava/listenablefuture-9999.0-empty-to-avoid-conflict-with-guava.jar:/fs03/share/users/ivana.yemele-tsafack/home/.m2/repository/com/google/code/findbugs/jsr305/3.0.2/jsr305-3.0.2.jar:/fs03/share/users/ivana.yemele-tsafack/home/.m2/repository/org/checkerframework/checker-qual/2.5.2/checker-qual-2.5.2.jar:/fs03/share/users/ivana.yemele-tsafack/home/.m2/repository/com/google/errorprone/error_prone_annotations/2.2.0/error_prone_annotations-2.2.0.jar:/fs03/share/users/ivana.yemele-tsafack/home/.m2/repository/com/google/j2objc/j2objc-annotations/1.1/j2objc-annotations-1.1.jar:/fs03/share/users/ivana.yemele-tsafack/home/.m2/repository/org/codehaus/mojo/animal-sniffer-annotations/1.17/animal-sniffer-annotations-1.17.jar:/fs03/share/users/ivana.yemele-tsafack/home/.m2/repository/it/geosolutions/jaiext/translate/jt-translate/1.1.20/jt-translate-1.1.20.jar:/fs03/share/users/ivana.yemele-tsafack/home/.m2/repository/it/geosolutions/jaiext/utilities/jt-utilities/1.1.20/jt-utilities-1.1.20.jar:/fs03/share/users/ivana.yemele-tsafack/home/.m2/repository/it/geosolutions/jaiext/warp/jt-warp/1.1.20/jt-warp-1.1.20.jar:/fs03/share/users/ivana.yemele-tsafack/home/.m2/repository/it/geosolutions/jaiext/zonal/jt-zonal/1.1.20/jt-zonal-1.1.20.jar:/fs03/share/users/ivana.yemele-tsafack/home/.m2/repository/it/geosolutions/jaiext/binarize/jt-binarize/1.1.20/jt-binarize-1.1.20.jar:/fs03/share/users/ivana.yemele-tsafack/home/.m2/repository/it/geosolutions/jaiext/format/jt-format/1.1.20/jt-format-1.1.20.jar:/fs03/share/users/ivana.yemele-tsafack/home/.m2/repository/it/geosolutions/jaiext/colorconvert/jt-colorconvert/1.1.20/jt-colorconvert-1.1.20.jar:/fs03/share/users/ivana.yemele-tsafack/home/.m2/repository/it/geosolutions/jaiext/errordiffusion/jt-errordiffusion/1.1.20/jt-errordiffusion-1.1.20.jar:/fs03/share/users/ivana.yemele-tsafack/home/.m2/repository/it/geosolutions/jaiext/orderdither/jt-orderdither/1.1.20/jt-orderdither-1.1.20.jar:/fs03/share/users/ivana.yemele-tsafack/home/.m2/repository/it/geosolutions/jaiext/colorindexer/jt-colorindexer/1.1.20/jt-colorindexer-1.1.20.jar:/fs03/share/users/ivana.yemele-tsafack/home/.m2/repository/it/geosolutions/jaiext/imagefunction/jt-imagefunction/1.1.20/jt-imagefunction-1.1.20.jar:/fs03/share/users/ivana.yemele-tsafack/home/.m2/repository/it/geosolutions/jaiext/piecewise/jt-piecewise/1.1.20/jt-piecewise-1.1.20.jar:/fs03/share/users/ivana.yemele-tsafack/home/.m2/repository/it/geosolutions/jaiext/classifier/jt-classifier/1.1.20/jt-classifier-1.1.20.jar:/fs03/share/users/ivana.yemele-tsafack/home/.m2/repository/it/geosolutions/jaiext/rlookup/jt-rlookup/1.1.20/jt-rlookup-1.1.20.jar:/fs03/share/users/ivana.yemele-tsafack/home/.m2/repository/it/geosolutions/jaiext/vectorbin/jt-vectorbin/1.1.20/jt-vectorbin-1.1.20.jar:/fs03/share/users/ivana.yemele-tsafack/home/.m2/repository/it/geosolutions/jaiext/shadedrelief/jt-shadedrelief/1.1.20/jt-shadedrelief-1.1.20.jar:/fs03/share/users/ivana.yemele-tsafack/home/.m2/repository/commons-io/commons-io/2.6/commons-io-2.6.jar:/fs03/share/users/ivana.yemele-tsafack/home/.m2/repository/org/geotools/gt-cql/26-SNAPSHOT/gt-cql-26-SNAPSHOT.jar:/fs03/share/users/ivana.yemele-tsafack/home/.m2/repository/com/conversantmedia/disruptor/1.2.13/disruptor-1.2.13.jar:/fs03/share/users/ivana.yemele-tsafack/home/.m2/repository/com/miglayout/miglayout/3.7/miglayout-3.7-swing.jar:/fs03/share/users/ivana.yemele-tsafack/home/.m2/repository/org/geotools/gt-epsg-hsql/26-SNAPSHOT/gt-epsg-hsql-26-SNAPSHOT.jar:/fs03/share/users/ivana.yemele-tsafack/home/.m2/repository/org/hsqldb/hsqldb/2.5.2/hsqldb-2.5.2.jar:/fs03/share/users/ivana.yemele-tsafack/home/.m2/repository/com/h2database/h2/1.4.200/h2-1.4.200.jar:/fs03/share/users/ivana.yemele-tsafack/home/.m2/repository/org/springframework/boot/spring-boot-starter-tomcat/2.5.0/spring-boot-starter-tomcat-2.5.0.jar:/fs03/share/users/ivana.yemele-tsafack/home/.m2/repository/jakarta/annotation/jakarta.annotation-api/1.3.5/jakarta.annotation-api-1.3.5.jar:/fs03/share/users/ivana.yemele-tsafack/home/.m2/repository/org/apache/tomcat/embed/tomcat-embed-core/9.0.46/tomcat-embed-core-9.0.46.jar:/fs03/share/users/ivana.yemele-tsafack/home/.m2/repository/org/apache/tomcat/embed/tomcat-embed-el/9.0.46/tomcat-embed-el-9.0.46.jar:/fs03/share/users/ivana.yemele-tsafack/home/.m2/repository/org/apache/tomcat/embed/tomcat-embed-websocket/9.0.46/tomcat-embed-websocket-9.0.46.jar:/fs03/share/users/ivana.yemele-tsafack/home/.m2/repository/javax/xml/bind/jaxb-api/2.3.0/jaxb-api-2.3.0.jar:"/>
    <property name="sun.cpu.endian" value="little"/>
    <property name="user.home" value="/fs03/share/users/ivana.yemele-tsafack/home"/>
    <property name="user.language" value="fr"/>
    <property name="java.specification.vendor" value="Oracle Corporation"/>
    <property name="java.version.date" value="2021-04-20"/>
    <property name="java.home" value="/usr/lib/jvm/java-11-openjdk-amd64"/>
    <property name="file.separator" value="/"/>
    <property name="basedir" value="/fs03/share/users/ivana.yemele-tsafack/home/Bureau/Projet-majeur/projet_majeure_static/project-static/fire"/>
    <property name="java.vm.compressedOopsMode" value="Zero based"/>
    <property name="line.separator" value="&#10;"/>
    <property name="java.specification.name" value="Java Platform API Specification"/>
    <property name="java.vm.specification.vendor" value="Oracle Corporation"/>
    <property name="java.awt.graphicsenv" value="sun.awt.X11GraphicsEnvironment"/>
    <property name="surefire.real.class.path" value="/fs03/share/users/ivana.yemele-tsafack/home/Bureau/Projet-majeur/projet_majeure_static/project-static/fire/target/surefire/surefirebooter1295331558044863594.jar"/>
    <property name="sun.management.compiler" value="HotSpot 64-Bit Tiered Compilers"/>
    <property name="java.runtime.version" value="11.0.11+9-Ubuntu-0ubuntu2.18.04"/>
    <property name="user.name" value="ivana.yemele-tsafack"/>
    <property name="path.separator" value=":"/>
    <property name="os.version" value="4.15.0-134-generic"/>
    <property name="java.runtime.name" value="OpenJDK Runtime Environment"/>
    <property name="file.encoding" value="UTF-8"/>
    <property name="java.vm.name" value="OpenJDK 64-Bit Server VM"/>
    <property name="localRepository" value="/fs03/share/users/ivana.yemele-tsafack/home/.m2/repository"/>
    <property name="java.vendor.url.bug" value="https://bugs.launchpad.net/ubuntu/+source/openjdk-lts"/>
    <property name="java.io.tmpdir" value="/tmp"/>
    <property name="java.version" value="11.0.11"/>
    <property name="user.dir" value="/fs03/share/users/ivana.yemele-tsafack/home/Bureau/Projet-majeur/projet_majeure_static/project-static/fire"/>
    <property name="os.arch" value="amd64"/>
    <property name="java.vm.specification.name" value="Java Virtual Machine Specification"/>
    <property name="java.awt.printerjob" value="sun.print.PSPrinterJob"/>
    <property name="sun.os.patch.level" value="unknown"/>
    <property name="java.library.path" value="/usr/java/packages/lib:/usr/lib/x86_64-linux-gnu/jni:/lib/x86_64-linux-gnu:/usr/lib/x86_64-linux-gnu:/usr/lib/jni:/lib:/usr/lib"/>
    <property name="java.vm.info" value="mixed mode, sharing"/>
    <property name="java.vendor" value="Ubuntu"/>
    <property name="java.vm.version" value="11.0.11+9-Ubuntu-0ubuntu2.18.04"/>
    <property name="sun.io.unicode.encoding" value="UnicodeLittle"/>
    <property name="java.class.version" value="55.0"/>
  </properties>
  <testcase name="contextLoads" classname="com.emergency.fire.FireApplicationTests" time="0.109"/>
</testsuite>